<?xml version="1.0" encoding="UTF-8"?>
<testsuite xmlns:xsi="http://www.w3.org/2001/XMLSchema-instance" xsi:noNamespaceSchemaLocation="https://maven.apache.org/surefire/maven-surefire-plugin/xsd/surefire-test-report.xsd" version="3.0.2" name="com.scotiabank.serviceImpl.AlumnoServiceImplTest" time="0.16" tests="5" errors="0" skipped="0" failures="0">
  <properties>
[...]
</properties>
  <testcase name="guardarAlumnoConNombreVacio" classname="com.scotiabank.serviceImpl.AlumnoServiceImplTest" time="0.133"/>
  <testcase name="guardarAlumnoConEstadoInvalido" classname="com.scotiabank.serviceImpl.AlumnoServiceImplTest" time="0.005"/>
  <testcase name="guardarAlumnoConIdDuplicado" classname="com.scotiabank.serviceImpl.AlumnoServiceImplTest" time="0.01"/>
  <testcase name="listarSoloActivos" classname="com.scotiabank.serviceImpl.AlumnoServiceImplTest" time="0.003"/>
  <testcase name="guardarAlumnoConDatosValidosSinId" classname="com.scotiabank.serviceImpl.AlumnoServiceImplTest" time="0.005"/>
</testsuite>